<?xml version="1.0" encoding="UTF-8"?>
<!-- Generated by org.testng.reporters.JUnitReportReporter -->
<testsuite hostname="geetesh" name="generic.Testing" tests="1" failures="0" timestamp="18 Jul 2016 03:02:09 GMT" time="0.016" errors="0">
  <testcase name="display" time="0.016" classname="generic.Testing"/>
</testsuite> <!-- generic.Testing -->
