<?xml version="1.0" encoding="UTF-8"?>
<!-- Generated by org.testng.reporters.JUnitReportReporter -->
<testsuite hostname="geetesh" name="generic.Testing" tests="1" failures="0" timestamp="15 Jul 2016 03:54:56 GMT" time="0.020" errors="0">
  <testcase name="display" time="0.020" classname="generic.Testing"/>
</testsuite> <!-- generic.Testing -->
